1614689165591	geckodriver	INFO	Listening on 127.0.0.1:33485
1614689166596	mozrunner::runner	INFO	Running command: "/usr/bin/firefox" "--marionette" "-foreground" "-no-remote" "-profile" "/tmp/rust_mozprofileEMsDTA"
console.warn: SearchSettings: "get: No settings file exists, new profile?" (new Error("", "(unknown module)"))
1614689169200	Marionette	INFO	Listening on port 32947
1614689169234	Marionette	WARN	TLS certificate errors will be ignored for this session
1614689171646	Marionette	INFO	Stopped listening on port 32947

###!!! [Parent][RunMessage] Error: Channel closing: too late to send/recv, messages will be lost

1614689210855	geckodriver	INFO	Listening on 127.0.0.1:55419
1614689210857	mozrunner::runner	INFO	Running command: "/usr/bin/firefox" "--marionette" "-foreground" "-no-remote" "-profile" "/tmp/rust_mozprofileN2E0j9"
console.warn: SearchSettings: "get: No settings file exists, new profile?" (new Error("", "(unknown module)"))
1614689212865	Marionette	INFO	Listening on port 40693
1614689212989	Marionette	WARN	TLS certificate errors will be ignored for this session
1614689356945	Marionette	INFO	Stopped listening on port 40693

###!!! [Parent][RunMessage] Error: Channel closing: too late to send/recv, messages will be lost

1614689414303	geckodriver	INFO	Listening on 127.0.0.1:54111
1614689415313	mozrunner::runner	INFO	Running command: "/usr/bin/firefox" "--marionette" "-foreground" "-no-remote" "-profile" "/tmp/rust_mozprofilej560iC"
console.warn: SearchSettings: "get: No settings file exists, new profile?" (new Error("", "(unknown module)"))
1614689417258	Marionette	INFO	Listening on port 41615
1614689417339	Marionette	WARN	TLS certificate errors will be ignored for this session
1614689419402	Marionette	INFO	Stopped listening on port 41615

###!!! [Parent][RunMessage] Error: Channel closing: too late to send/recv, messages will be lost

1614689459864	geckodriver	INFO	Listening on 127.0.0.1:59037
1614689459867	mozrunner::runner	INFO	Running command: "/usr/bin/firefox" "--marionette" "-foreground" "-no-remote" "-profile" "/tmp/rust_mozprofilev2DFpG"
console.warn: SearchSettings: "get: No settings file exists, new profile?" (new Error("", "(unknown module)"))
1614689461947	Marionette	INFO	Listening on port 42533
1614689461999	Marionette	WARN	TLS certificate errors will be ignored for this session
1614689463818	Marionette	INFO	Stopped listening on port 42533

###!!! [Parent][RunMessage] Error: Channel closing: too late to send/recv, messages will be lost

1614689525410	geckodriver	INFO	Listening on 127.0.0.1:34785
1614689525412	mozrunner::runner	INFO	Running command: "/usr/bin/firefox" "--marionette" "-foreground" "-no-remote" "-profile" "/tmp/rust_mozprofileqJs9k8"
console.warn: SearchSettings: "get: No settings file exists, new profile?" (new Error("", "(unknown module)"))
1614689527373	Marionette	INFO	Listening on port 44163
1614689527433	Marionette	WARN	TLS certificate errors will be ignored for this session
1614689529204	Marionette	INFO	Stopped listening on port 44163

###!!! [Parent][RunMessage] Error: Channel closing: too late to send/recv, messages will be lost

1614689558393	geckodriver	INFO	Listening on 127.0.0.1:55413
1614689558396	mozrunner::runner	INFO	Running command: "/usr/bin/firefox" "--marionette" "-foreground" "-no-remote" "-profile" "/tmp/rust_mozprofile5HMUQr"
console.warn: SearchSettings: "get: No settings file exists, new profile?" (new Error("", "(unknown module)"))
1614689560385	Marionette	INFO	Listening on port 36867
1614689560435	Marionette	WARN	TLS certificate errors will be ignored for this session
1614689567216	Marionette	INFO	Stopped listening on port 36867

###!!! [Parent][RunMessage] Error: Channel closing: too late to send/recv, messages will be lost

1614689579306	geckodriver	INFO	Listening on 127.0.0.1:32881
1614689579308	mozrunner::runner	INFO	Running command: "/usr/bin/firefox" "--marionette" "-foreground" "-no-remote" "-profile" "/tmp/rust_mozprofilejhht09"
console.warn: SearchSettings: "get: No settings file exists, new profile?" (new Error("", "(unknown module)"))
1614689581276	Marionette	INFO	Listening on port 43765
1614689581331	Marionette	WARN	TLS certificate errors will be ignored for this session
1614689584307	Marionette	INFO	Stopped listening on port 43765

###!!! [Parent][RunMessage] Error: Channel closing: too late to send/recv, messages will be lost

1614689653826	geckodriver	INFO	Listening on 127.0.0.1:56437
1614689653833	mozrunner::runner	INFO	Running command: "/usr/bin/firefox" "--marionette" "-foreground" "-no-remote" "-profile" "/tmp/rust_mozprofilevLCl6C"
console.warn: SearchSettings: "get: No settings file exists, new profile?" (new Error("", "(unknown module)"))
1614689655807	Marionette	INFO	Listening on port 37785
1614689655862	Marionette	WARN	TLS certificate errors will be ignored for this session
1614689657776	Marionette	INFO	Stopped listening on port 37785

###!!! [Parent][RunMessage] Error: Channel closing: too late to send/recv, messages will be lost

1614689682454	geckodriver	INFO	Listening on 127.0.0.1:49459
1614689682456	mozrunner::runner	INFO	Running command: "/usr/bin/firefox" "--marionette" "-foreground" "-no-remote" "-profile" "/tmp/rust_mozprofilePyr2C6"
console.warn: SearchSettings: "get: No settings file exists, new profile?" (new Error("", "(unknown module)"))
1614689684442	Marionette	INFO	Listening on port 36807
1614689684518	Marionette	WARN	TLS certificate errors will be ignored for this session
1614689686840	Marionette	INFO	Stopped listening on port 36807

###!!! [Parent][RunMessage] Error: Channel closing: too late to send/recv, messages will be lost

1614689714536	geckodriver	INFO	Listening on 127.0.0.1:36919
1614689714538	mozrunner::runner	INFO	Running command: "/usr/bin/firefox" "--marionette" "-foreground" "-no-remote" "-profile" "/tmp/rust_mozprofilegB1KAu"
console.warn: SearchSettings: "get: No settings file exists, new profile?" (new Error("", "(unknown module)"))
1614689716465	Marionette	INFO	Listening on port 40867
1614689716564	Marionette	WARN	TLS certificate errors will be ignored for this session
1614689718572	Marionette	INFO	Stopped listening on port 40867

###!!! [Parent][RunMessage] Error: Channel closing: too late to send/recv, messages will be lost

1614689732208	geckodriver	INFO	Listening on 127.0.0.1:47219
1614689732211	mozrunner::runner	INFO	Running command: "/usr/bin/firefox" "--marionette" "-foreground" "-no-remote" "-profile" "/tmp/rust_mozprofilebcdb0o"
console.warn: SearchSettings: "get: No settings file exists, new profile?" (new Error("", "(unknown module)"))
1614689734166	Marionette	INFO	Listening on port 39761
1614689734232	Marionette	WARN	TLS certificate errors will be ignored for this session
1614689790455	geckodriver	INFO	Listening on 127.0.0.1:36795
1614689790457	mozrunner::runner	INFO	Running command: "/usr/bin/firefox" "--marionette" "-foreground" "-no-remote" "-profile" "/tmp/rust_mozprofileHq2xfC"
console.warn: SearchSettings: "get: No settings file exists, new profile?" (new Error("", "(unknown module)"))
1614689792646	Marionette	INFO	Listening on port 36103
1614689792696	Marionette	WARN	TLS certificate errors will be ignored for this session
1614689799750	Marionette	INFO	Stopped listening on port 36103

###!!! [Parent][RunMessage] Error: Channel closing: too late to send/recv, messages will be lost

1614692600803	geckodriver	INFO	Listening on 127.0.0.1:33877
1614692600807	mozrunner::runner	INFO	Running command: "/usr/bin/firefox" "--marionette" "-foreground" "-no-remote" "-profile" "/tmp/rust_mozprofileheD89g"
console.warn: SearchSettings: "get: No settings file exists, new profile?" (new Error("", "(unknown module)"))
1614692603187	Marionette	INFO	Listening on port 46013
1614692603234	Marionette	WARN	TLS certificate errors will be ignored for this session
1614692610422	Marionette	INFO	Stopped listening on port 46013
JavaScript error: resource://gre/modules/UrlClassifierListManager.jsm, line 691: TypeError: this.tablesData[table] is undefined

###!!! [Parent][RunMessage] Error: Channel closing: too late to send/recv, messages will be lost

1614692816346	geckodriver	INFO	Listening on 127.0.0.1:47057
1614692816349	mozrunner::runner	INFO	Running command: "/usr/bin/firefox" "--marionette" "-foreground" "-no-remote" "-profile" "/tmp/rust_mozprofilezNP5e6"
console.warn: SearchSettings: "get: No settings file exists, new profile?" (new Error("", "(unknown module)"))
1614692818477	Marionette	INFO	Listening on port 46841
1614692818573	Marionette	WARN	TLS certificate errors will be ignored for this session
1614692825502	Marionette	INFO	Stopped listening on port 46841

###!!! [Parent][RunMessage] Error: Channel closing: too late to send/recv, messages will be lost

1614693959879	Marionette	INFO	Stopped listening on port 39761
1614694757196	geckodriver	INFO	Listening on 127.0.0.1:33671
1614694757198	mozrunner::runner	INFO	Running command: "/usr/bin/firefox" "--marionette" "-foreground" "-no-remote" "-profile" "/tmp/rust_mozprofileUXdg5c"
console.warn: SearchSettings: "get: No settings file exists, new profile?" (new Error("", "(unknown module)"))
1614694759226	Marionette	INFO	Listening on port 39055
1614694759322	Marionette	WARN	TLS certificate errors will be ignored for this session
console.error: Region.jsm: "Error fetching region" (new Error("TIMEOUT", "resource://gre/modules/Region.jsm", 775))
console.error: Region.jsm: "Failed to fetch region" (new Error("TIMEOUT", "resource://gre/modules/Region.jsm", 422))
1614694766560	Marionette	INFO	Stopped listening on port 39055

###!!! [Parent][RunMessage] Error: Channel closing: too late to send/recv, messages will be lost

1614694969031	geckodriver	INFO	Listening on 127.0.0.1:41447
1614694969033	mozrunner::runner	INFO	Running command: "/usr/bin/firefox" "--marionette" "-foreground" "-no-remote" "-profile" "/tmp/rust_mozprofilemzqOZ1"
console.warn: SearchSettings: "get: No settings file exists, new profile?" (new Error("", "(unknown module)"))
1614694970926	Marionette	INFO	Listening on port 42763
1614694970995	Marionette	WARN	TLS certificate errors will be ignored for this session
1614694978013	Marionette	INFO	Stopped listening on port 42763

###!!! [Parent][RunMessage] Error: Channel closing: too late to send/recv, messages will be lost

1614695004643	geckodriver	INFO	Listening on 127.0.0.1:49667
1614695004645	mozrunner::runner	INFO	Running command: "/usr/bin/firefox" "--marionette" "-foreground" "-no-remote" "-profile" "/tmp/rust_mozprofile5ahz4r"
console.warn: SearchSettings: "get: No settings file exists, new profile?" (new Error("", "(unknown module)"))
1614695006531	Marionette	INFO	Listening on port 44923
1614695006578	Marionette	WARN	TLS certificate errors will be ignored for this session
1614695013833	Marionette	INFO	Stopped listening on port 44923
JavaScript error: resource://activity-stream/lib/ASRouter.jsm, line 988: NS_ERROR_ILLEGAL_VALUE: Component returned failure code: 0x80070057 (NS_ERROR_ILLEGAL_VALUE) [nsIObserverService.removeObserver]

###!!! [Parent][RunMessage] Error: Channel closing: too late to send/recv, messages will be lost

1614695055463	geckodriver	INFO	Listening on 127.0.0.1:52971
1614695055466	mozrunner::runner	INFO	Running command: "/usr/bin/firefox" "--marionette" "-foreground" "-no-remote" "-profile" "/tmp/rust_mozprofile0pmvk6"
console.warn: SearchSettings: "get: No settings file exists, new profile?" (new Error("", "(unknown module)"))
1614695057551	Marionette	INFO	Listening on port 46171
1614695057598	Marionette	WARN	TLS certificate errors will be ignored for this session
1614695064668	Marionette	INFO	Stopped listening on port 46171

###!!! [Parent][RunMessage] Error: Channel closing: too late to send/recv, messages will be lost

1614695082113	geckodriver	INFO	Listening on 127.0.0.1:43947
1614695082115	mozrunner::runner	INFO	Running command: "/usr/bin/firefox" "--marionette" "-foreground" "-no-remote" "-profile" "/tmp/rust_mozprofilep1ohtI"
console.warn: SearchSettings: "get: No settings file exists, new profile?" (new Error("", "(unknown module)"))
1614695084007	Marionette	INFO	Listening on port 38495
1614695084047	Marionette	WARN	TLS certificate errors will be ignored for this session
1614695094851	Marionette	INFO	Stopped listening on port 38495

###!!! [Parent][RunMessage] Error: Channel closing: too late to send/recv, messages will be lost

1614695182669	geckodriver	INFO	Listening on 127.0.0.1:39203
1614695182671	mozrunner::runner	INFO	Running command: "/usr/bin/firefox" "--marionette" "-foreground" "-no-remote" "-profile" "/tmp/rust_mozprofileje3ceK"
console.warn: SearchSettings: "get: No settings file exists, new profile?" (new Error("", "(unknown module)"))
1614695184517	Marionette	INFO	Listening on port 34609
1614695184606	Marionette	WARN	TLS certificate errors will be ignored for this session
1614695191600	Marionette	INFO	Stopped listening on port 34609

###!!! [Parent][RunMessage] Error: Channel closing: too late to send/recv, messages will be lost

1614695208965	geckodriver	INFO	Listening on 127.0.0.1:42477
1614695208967	mozrunner::runner	INFO	Running command: "/usr/bin/firefox" "--marionette" "-foreground" "-no-remote" "-profile" "/tmp/rust_mozprofileDkLL7y"
console.warn: SearchSettings: "get: No settings file exists, new profile?" (new Error("", "(unknown module)"))
1614695210844	Marionette	INFO	Listening on port 40993
1614695210904	Marionette	WARN	TLS certificate errors will be ignored for this session
1614695217717	Marionette	INFO	Stopped listening on port 40993

###!!! [Parent][RunMessage] Error: Channel closing: too late to send/recv, messages will be lost

1614695266036	geckodriver	INFO	Listening on 127.0.0.1:36223
1614695266038	mozrunner::runner	INFO	Running command: "/usr/bin/firefox" "--marionette" "-foreground" "-no-remote" "-profile" "/tmp/rust_mozprofileQy3xop"
console.warn: SearchSettings: "get: No settings file exists, new profile?" (new Error("", "(unknown module)"))
1614695267901	Marionette	INFO	Listening on port 38537
1614695267969	Marionette	WARN	TLS certificate errors will be ignored for this session
1614695275133	Marionette	INFO	Stopped listening on port 38537

###!!! [Parent][RunMessage] Error: Channel closing: too late to send/recv, messages will be lost

1614695313834	geckodriver	INFO	Listening on 127.0.0.1:50233
1614695313836	mozrunner::runner	INFO	Running command: "/usr/bin/firefox" "--marionette" "-foreground" "-no-remote" "-profile" "/tmp/rust_mozprofileSnk6g3"
console.warn: SearchSettings: "get: No settings file exists, new profile?" (new Error("", "(unknown module)"))
1614695315718	Marionette	INFO	Listening on port 41769
1614695315797	Marionette	WARN	TLS certificate errors will be ignored for this session
1614695323392	Marionette	INFO	Stopped listening on port 41769
1614759140117	geckodriver	INFO	Listening on 127.0.0.1:58123
1614759141120	mozrunner::runner	INFO	Running command: "/usr/bin/firefox" "--marionette" "-foreground" "-no-remote" "-profile" "/tmp/rust_mozprofileLn4KX2"
console.warn: SearchSettings: "get: No settings file exists, new profile?" (new Error("", "(unknown module)"))
1614759143172	Marionette	INFO	Listening on port 33087
1614759143254	Marionette	WARN	TLS certificate errors will be ignored for this session
1614759149554	Marionette	INFO	Stopped listening on port 33087
1614759405719	geckodriver	INFO	Listening on 127.0.0.1:37881
1614759405721	mozrunner::runner	INFO	Running command: "/usr/bin/firefox" "--marionette" "-foreground" "-no-remote" "-profile" "/tmp/rust_mozprofileH5vEYX"
console.warn: SearchSettings: "get: No settings file exists, new profile?" (new Error("", "(unknown module)"))
1614759407801	Marionette	INFO	Listening on port 44605
1614759407844	Marionette	WARN	TLS certificate errors will be ignored for this session
1614759411201	Marionette	INFO	Stopped listening on port 44605
JavaScript error: resource://activity-stream/lib/ASRouter.jsm, line 988: NS_ERROR_ILLEGAL_VALUE: Component returned failure code: 0x80070057 (NS_ERROR_ILLEGAL_VALUE) [nsIObserverService.removeObserver]
console.error: Region.jsm: "Error fetching region" (new TypeError("NetworkError when attempting to fetch resource.", ""))
console.error: Region.jsm: "Failed to fetch region" (new Error("NO_RESULT", "resource://gre/modules/Region.jsm", 422))

###!!! [Parent][RunMessage] Error: Channel closing: too late to send/recv, messages will be lost

1614770977189	geckodriver	INFO	Listening on 127.0.0.1:44563
1614770977192	mozrunner::runner	INFO	Running command: "/usr/bin/firefox" "--marionette" "-foreground" "-no-remote" "-profile" "/tmp/rust_mozprofilesRHQGT"
console.warn: SearchSettings: "get: No settings file exists, new profile?" (new Error("", "(unknown module)"))
1614770979269	Marionette	INFO	Listening on port 44043
1614770979318	Marionette	WARN	TLS certificate errors will be ignored for this session
1614770982793	Marionette	INFO	Stopped listening on port 44043

###!!! [Parent][RunMessage] Error: Channel closing: too late to send/recv, messages will be lost

1614778811934	geckodriver	INFO	Listening on 127.0.0.1:34871
1614778811937	mozrunner::runner	INFO	Running command: "/usr/bin/firefox" "--marionette" "-foreground" "-no-remote" "-profile" "/tmp/rust_mozprofileEDtngE"
console.warn: SearchSettings: "get: No settings file exists, new profile?" (new Error("", "(unknown module)"))
1614778813988	Marionette	INFO	Listening on port 44991
1614778814073	Marionette	WARN	TLS certificate errors will be ignored for this session
1614778817883	Marionette	INFO	Stopped listening on port 44991
1614778841052	geckodriver	INFO	Listening on 127.0.0.1:43775
1614778841054	mozrunner::runner	INFO	Running command: "/usr/bin/firefox" "--marionette" "-foreground" "-no-remote" "-profile" "/tmp/rust_mozprofileqAaQ4w"
console.warn: SearchSettings: "get: No settings file exists, new profile?" (new Error("", "(unknown module)"))
1614778843023	Marionette	INFO	Listening on port 37391
1614778843082	Marionette	WARN	TLS certificate errors will be ignored for this session
1614778851825	Marionette	INFO	Stopped listening on port 37391

###!!! [Parent][RunMessage] Error: Channel closing: too late to send/recv, messages will be lost

1614778876908	geckodriver	INFO	Listening on 127.0.0.1:35403
1614778876911	mozrunner::runner	INFO	Running command: "/usr/bin/firefox" "--marionette" "-foreground" "-no-remote" "-profile" "/tmp/rust_mozprofile4XUZRQ"
console.warn: SearchSettings: "get: No settings file exists, new profile?" (new Error("", "(unknown module)"))
1614778879054	Marionette	INFO	Listening on port 46187
1614778879132	Marionette	WARN	TLS certificate errors will be ignored for this session
1614778882948	Marionette	INFO	Stopped listening on port 46187

###!!! [Parent][RunMessage] Error: Channel closing: too late to send/recv, messages will be lost

1614780560820	geckodriver	INFO	Listening on 127.0.0.1:55671
1614780560822	mozrunner::runner	INFO	Running command: "/usr/bin/firefox" "--marionette" "-foreground" "-no-remote" "-profile" "/tmp/rust_mozprofilejNS0vG"
console.warn: SearchSettings: "get: No settings file exists, new profile?" (new Error("", "(unknown module)"))
1614780562798	Marionette	INFO	Listening on port 41589
1614780562876	Marionette	WARN	TLS certificate errors will be ignored for this session
1614780566890	Marionette	INFO	Stopped listening on port 41589

###!!! [Parent][RunMessage] Error: Channel closing: too late to send/recv, messages will be lost

1614781932920	geckodriver	INFO	Listening on 127.0.0.1:48767
1614781932923	mozrunner::runner	INFO	Running command: "/usr/bin/firefox" "--marionette" "-foreground" "-no-remote" "-profile" "/tmp/rust_mozprofilehcVx7r"
console.warn: SearchSettings: "get: No settings file exists, new profile?" (new Error("", "(unknown module)"))
1614781934806	Marionette	INFO	Listening on port 44781
1614781934860	Marionette	WARN	TLS certificate errors will be ignored for this session
1614781938730	Marionette	INFO	Stopped listening on port 44781
console.error: Region.jsm: "Error fetching region" (new TypeError("NetworkError when attempting to fetch resource.", ""))
console.error: Region.jsm: "Failed to fetch region" (new Error("NO_RESULT", "resource://gre/modules/Region.jsm", 422))

###!!! [Parent][RunMessage] Error: Channel closing: too late to send/recv, messages will be lost

1614783521974	geckodriver	INFO	Listening on 127.0.0.1:41829
1614783521976	mozrunner::runner	INFO	Running command: "/usr/bin/firefox" "--marionette" "-foreground" "-no-remote" "-profile" "/tmp/rust_mozprofile0DaXdH"
console.warn: SearchSettings: "get: No settings file exists, new profile?" (new Error("", "(unknown module)"))
1614783523987	Marionette	INFO	Listening on port 35043
1614783524101	Marionette	WARN	TLS certificate errors will be ignored for this session
1614783528914	Marionette	INFO	Stopped listening on port 35043

###!!! [Parent][RunMessage] Error: Channel closing: too late to send/recv, messages will be lost

1614783882885	geckodriver	INFO	Listening on 127.0.0.1:50107
1614783882887	mozrunner::runner	INFO	Running command: "/usr/bin/firefox" "--marionette" "-foreground" "-no-remote" "-profile" "/tmp/rust_mozprofileJ7moON"
console.warn: SearchSettings: "get: No settings file exists, new profile?" (new Error("", "(unknown module)"))
1614783884981	Marionette	INFO	Listening on port 33995
1614783885015	Marionette	WARN	TLS certificate errors will be ignored for this session
console.error: Region.jsm: "Error fetching region" (new Error("TIMEOUT", "resource://gre/modules/Region.jsm", 775))
console.error: Region.jsm: "Failed to fetch region" (new Error("TIMEOUT", "resource://gre/modules/Region.jsm", 422))
1614783889410	Marionette	INFO	Stopped listening on port 33995

###!!! [Parent][RunMessage] Error: Channel closing: too late to send/recv, messages will be lost

1614784213312	geckodriver	INFO	Listening on 127.0.0.1:35831
1614784213314	mozrunner::runner	INFO	Running command: "/usr/bin/firefox" "--marionette" "-foreground" "-no-remote" "-profile" "/tmp/rust_mozprofilecGmdPC"
console.warn: SearchSettings: "get: No settings file exists, new profile?" (new Error("", "(unknown module)"))
1614784215438	Marionette	INFO	Listening on port 39667
1614784215546	Marionette	WARN	TLS certificate errors will be ignored for this session
console.error: Region.jsm: "Error fetching region" (new Error("TIMEOUT", "resource://gre/modules/Region.jsm", 775))
console.error: Region.jsm: "Failed to fetch region" (new Error("TIMEOUT", "resource://gre/modules/Region.jsm", 422))
1614784243170	Marionette	INFO	Stopped listening on port 39667

###!!! [Parent][RunMessage] Error: Channel closing: too late to send/recv, messages will be lost

1614784247642	geckodriver	INFO	Listening on 127.0.0.1:52825
1614784247645	mozrunner::runner	INFO	Running command: "/usr/bin/firefox" "--marionette" "-foreground" "-no-remote" "-profile" "/tmp/rust_mozprofile2o8iWR"
console.warn: SearchSettings: "get: No settings file exists, new profile?" (new Error("", "(unknown module)"))
1614784249770	Marionette	INFO	Listening on port 39133
1614784249867	Marionette	WARN	TLS certificate errors will be ignored for this session
1614784260262	Marionette	INFO	Stopped listening on port 39133

###!!! [Parent][RunMessage] Error: Channel closing: too late to send/recv, messages will be lost

1614784681967	geckodriver	INFO	Listening on 127.0.0.1:33579
1614784681970	mozrunner::runner	INFO	Running command: "/usr/bin/firefox" "--marionette" "-foreground" "-no-remote" "-profile" "/tmp/rust_mozprofile8sGgw6"
console.warn: SearchSettings: "get: No settings file exists, new profile?" (new Error("", "(unknown module)"))
1614784683927	Marionette	INFO	Listening on port 42179
1614784683991	Marionette	WARN	TLS certificate errors will be ignored for this session
console.error: Region.jsm: "Error fetching region" (new Error("TIMEOUT", "resource://gre/modules/Region.jsm", 775))
console.error: Region.jsm: "Failed to fetch region" (new Error("TIMEOUT", "resource://gre/modules/Region.jsm", 422))
1614784698176	Marionette	INFO	Stopped listening on port 42179
JavaScript error: resource://activity-stream/lib/ASRouter.jsm, line 988: NS_ERROR_ILLEGAL_VALUE: Component returned failure code: 0x80070057 (NS_ERROR_ILLEGAL_VALUE) [nsIObserverService.removeObserver]
1614784703343	geckodriver	INFO	Listening on 127.0.0.1:48859
1614784703345	mozrunner::runner	INFO	Running command: "/usr/bin/firefox" "--marionette" "-foreground" "-no-remote" "-profile" "/tmp/rust_mozprofilepke71K"
console.warn: SearchSettings: "get: No settings file exists, new profile?" (new Error("", "(unknown module)"))
1614784705337	Marionette	INFO	Listening on port 43599
1614784705370	Marionette	WARN	TLS certificate errors will be ignored for this session
1614784733469	Marionette	INFO	Stopped listening on port 43599
